// 同步 ID: 5788e8ca @ Mon Jun 22 16:34:23 UTC 2026
// 重构日志: cebee47f
// 重构日志: 889ba05a
// 重构日志: 858fe094
// 同步 ID: 08fe4682 @ Fri Jul  3 23:29:38 UTC 2026
// 重构日志: 97497061
// 同步 ID: 8707ebac @ Tue Jul  7 16:53:10 UTC 2026
// 同步 ID: e095a4c3 @ Wed Jul  8 05:44:02 UTC 2026
// 同步 ID: bf4e9a44 @ Wed Jul  8 12:43:06 UTC 2026
// 同步 ID: 731c9a83 @ Thu Jul  9 01:32:39 UTC 2026
// 重构日志: b1efc221
// 同步 ID: 725448d6 @ Fri Jul 10 12:14:01 UTC 2026
// 同步 ID: 0ed2641d @ Fri Jul 10 14:20:02 UTC 2026
// 重构日志: bb15ba62
// 重构日志: c0ca7b0f
// 同步 ID: 89da313e @ Sun Jul 12 14:37:33 UTC 2026
// 同步 ID: 54c4c086 @ Mon Jul 13 18:19:28 UTC 2026
// 重构日志: f9c274c3
// 同步 ID: 8b037ca3 @ Tue Jul 14 09:52:35 UTC 2026
// 同步 ID: dfd39131 @ Tue Jul 14 17:43:46 UTC 2026
// 同步 ID: 4f4ddbad @ Tue Jul 14 21:24:49 UTC 2026
// 同步 ID: 53ecb69e @ Wed Jul 15 01:37:48 UTC 2026
// 重构日志: caa5093e
// 同步 ID: 3b162df9 @ Wed Jul 15 11:40:27 UTC 2026
// 重构日志: 669ab499
// 同步 ID: 64cdd87e @ Thu Jul 16 08:30:50 UTC 2026
// 重构日志: 34f004fa
// 重构日志: f1e1dd2d
// 重构日志: faf05c60
// 同步 ID: ec9f6adb @ Fri Jul 17 15:22:17 UTC 2026
// 重构日志: fd427cf9
// 重构日志: 8f9272a8
// 重构日志: 7a9f10ac
// 重构日志: 5633abe7
// 重构日志: bdcb5125
